<?xml version="1.0" encoding="UTF-8" ?>
<testsuite tests="6" failures="0" name="com.web.repo.ReimbursementDaoTest" time="3.813" errors="0" skipped="0">
  <properties>
[...]
</properties>
  <testcase classname="com.web.repo.ReimbursementDaoTest" name="A_findReimbSum" time="1.124"/>
  <testcase classname="com.web.repo.ReimbursementDaoTest" name="B_findAllReimbursements" time="0.229"/>
  <testcase classname="com.web.repo.ReimbursementDaoTest" name="B_findReimbursementById" time="0.467"/>
  <testcase classname="com.web.repo.ReimbursementDaoTest" name="B_findReimbursementByName" time="0.201"/>
  <testcase classname="com.web.repo.ReimbursementDaoTest" name="B_findReimbursementByStatus" time="0.401"/>
  <testcase classname="com.web.repo.ReimbursementDaoTest" name="C_createAndModifyReimbursement" time="1.391"/>
</testsuite>