GROUP,PACKAGE,CLASS,INSTRUCTION_MISSED,INSTRUCTION_COVERED,BRANCH_MISSED,BRANCH_COVERED,LINE_MISSED,LINE_COVERED,COMPLEXITY_MISSED,COMPLEXITY_COVERED,METHOD_MISSED,METHOD_COVERED
reimbursement,com.web.util,SessionController,21,0,0,0,7,0,4,0,4,0
reimbursement,com.web.util,ConnectionUtil,3,32,0,2,2,11,0,4,0,3
reimbursement,com.web.repo,ReimbursementDao,412,646,69,37,26,148,49,19,2,13
reimbursement,com.web.repo,UserDao,216,347,36,18,12,85,24,14,0,11
reimbursement,com.web.controller,ReimbursementController,326,22,2,0,96,7,9,3,8,3
reimbursement,com.web.controller,UserController,93,0,0,0,29,0,5,0,5,0
reimbursement,com.web.service,ReimbursementService,69,12,2,0,15,5,11,2,10,2
reimbursement,com.web.service,UserService,27,12,2,0,6,5,4,2,3,2
reimbursement,com.web.servlet,DataServlet,17,0,0,0,5,0,3,0,3,0
reimbursement,com.web.servlet,ViewServlet,29,0,0,0,10,0,4,0,4,0
reimbursement,com.web.servlet,RequestForwarder,202,0,52,0,33,0,40,0,4,0
reimbursement,com.web.model,Reimbursement,3,160,0,0,2,43,1,22,1,22
reimbursement,com.web.model,UserDTO,0,148,0,0,0,43,0,20,0,20
reimbursement,com.web.model,ReimbursementDTO,0,247,0,0,0,71,0,33,0,33
reimbursement,com.web.model,ReimbursementStatus,0,43,0,0,0,13,0,7,0,7
reimbursement,com.web.model,ReimbursementType,0,43,0,0,0,13,0,7,0,7
reimbursement,com.web.model,User,3,115,0,0,2,31,1,16,1,16
reimbursement,com.web.model,UserRole,0,43,0,0,0,13,0,7,0,7
